2026-04-30 21:14:59,389 INFO === PEAD backfill: 2026-04-30 ===
2026-04-30 21:14:59,389 INFO Current open positions: ['APH', 'FFIV', 'NTRS', 'STX', 'TXN', 'WST']
2026-04-30 21:14:59,535 INFO --- Scanning earnings on 2026-04-24 ---
2026-04-30 21:16:11,838 INFO   BACKFILL_MISS HCA (2026-04-24): eps_low:0.3%
2026-04-30 21:17:31,973 INFO --- Scanning earnings on 2026-04-25 ---
2026-04-30 21:19:56,431 INFO --- Scanning earnings on 2026-04-28 ---
2026-04-30 21:20:10,971 INFO   BACKFILL_MISS ACGL (2026-04-28): eps_low:1.6%
2026-04-30 21:20:28,944 INFO   BACKFILL_MISS CNC (2026-04-28): vol_low:0.0x
2026-04-30 21:20:39,953 INFO   BACKFILL_MISS GLW (2026-04-28): eps_low:1.4%
2026-04-30 21:20:51,934 INFO   BACKFILL_MISS FICO (2026-04-28): price_low:-0.3%+vol_low:0.0x
2026-04-30 21:20:56,674 INFO   BACKFILL_MISS BEN (2026-04-28): vol_low:0.0x
2026-04-30 21:21:10,036 INFO   BACKFILL_MISS INCY (2026-04-28): price_low:2.1%+vol_low:0.0x
2026-04-30 21:21:15,553 INFO   BACKFILL_MISS IVZ (2026-04-28): eps_low:-1.7%
2026-04-30 21:21:40,891 INFO   BACKFILL_MISS NXPI (2026-04-28): eps_low:2.7%
2026-04-30 21:21:55,137 INFO   BACKFILL_MISS HOOD (2026-04-28): eps_low:-2.6%
2026-04-30 21:21:57,048 INFO   BACKFILL_MISS SPGI (2026-04-28): eps_low:3.1%
2026-04-30 21:22:07,928 INFO   BACKFILL_MISS TER (2026-04-28): price_low:-5.4%+vol_low:0.0x
2026-04-30 21:22:16,980 INFO   BACKFILL_MISS V (2026-04-28): eps_low:6.8%
2026-04-30 21:22:23,853 INFO   BACKFILL_MISS ZBH (2026-04-28): price_low:-10.6%+vol_low:0.0x
2026-04-30 21:22:25,134 INFO No new backfill signals found.
